-- Install configuration: ""
-- Up-to-date: /home/ubuntu/AGV_ws/install/robot_description/share/robot_description/config
-- Up-to-date: /home/ubuntu/AGV_ws/install/robot_description/share/robot_description/description
-- Up-to-date: /home/ubuntu/AGV_ws/install/robot_description/share/robot_description/description/building_robot.urdf.xacro
-- Up-to-date: /home/ubuntu/AGV_ws/install/robot_description/share/robot_description/description/meshes
-- Up-to-date: /home/ubuntu/AGV_ws/install/robot_description/share/robot_description/description/meshes/new_car_chassis.stl
-- Up-to-date: /home/ubuntu/AGV_ws/install/robot_description/share/robot_description/launch
-- Installing: /home/ubuntu/AGV_ws/install/robot_description/share/robot_description/launch/robot_description.launch.py
-- Up-to-date: /home/ubuntu/AGV_ws/install/robot_description/share/robot_description/worlds
-- Installing: /home/ubuntu/AGV_ws/install/robot_description/share/robot_description/urdf
-- Up-to-date: /home/ubuntu/AGV_ws/install/robot_description/share/robot_description/description
-- Up-to-date: /home/ubuntu/AGV_ws/install/robot_description/share/robot_description/description/building_robot.urdf.xacro
-- Up-to-date: /home/ubuntu/AGV_ws/install/robot_description/share/robot_description/description/meshes
-- Up-to-date: /home/ubuntu/AGV_ws/install/robot_description/share/robot_description/description/meshes/new_car_chassis.stl
-- Installing: /home/ubuntu/AGV_ws/install/robot_description/share/ament_index/resource_index/package_run_dependencies/robot_description
-- Installing: /home/ubuntu/AGV_ws/install/robot_description/share/ament_index/resource_index/parent_prefix_path/robot_description
-- Up-to-date: /home/ubuntu/AGV_ws/install/robot_description/share/robot_description/environment/ament_prefix_path.sh
-- Installing: /home/ubuntu/AGV_ws/install/robot_description/share/robot_description/environment/ament_prefix_path.dsv
-- Up-to-date: /home/ubuntu/AGV_ws/install/robot_description/share/robot_description/environment/path.sh
-- Installing: /home/ubuntu/AGV_ws/install/robot_description/share/robot_description/environment/path.dsv
-- Up-to-date: /home/ubuntu/AGV_ws/install/robot_description/share/robot_description/local_setup.bash
-- Up-to-date: /home/ubuntu/AGV_ws/install/robot_description/share/robot_description/local_setup.sh
-- Up-to-date: /home/ubuntu/AGV_ws/install/robot_description/share/robot_description/local_setup.zsh
-- Installing: /home/ubuntu/AGV_ws/install/robot_description/share/robot_description/local_setup.dsv
-- Installing: /home/ubuntu/AGV_ws/install/robot_description/share/robot_description/package.dsv
-- Up-to-date: /home/ubuntu/AGV_ws/install/robot_description/share/ament_index/resource_index/packages/robot_description
-- Up-to-date: /home/ubuntu/AGV_ws/install/robot_description/share/robot_description/cmake/robot_descriptionConfig.cmake
-- Up-to-date: /home/ubuntu/AGV_ws/install/robot_description/share/robot_description/cmake/robot_descriptionConfig-version.cmake
-- Installing: /home/ubuntu/AGV_ws/install/robot_description/share/robot_description/package.xml
