[0.014s] Invoking command in '/home/ubuntu/AGV_ws/build/robot_description': CMAKE_PREFIX_PATH=/opt/ros/humble /usr/bin/cmake --build /home/ubuntu/AGV_ws/build/robot_description -- -j8 -l8
[0.081s] Invoked command in '/home/ubuntu/AGV_ws/build/robot_description' returned '0': CMAKE_PREFIX_PATH=/opt/ros/humble /usr/bin/cmake --build /home/ubuntu/AGV_ws/build/robot_description -- -j8 -l8
[0.108s] Invoking command in '/home/ubuntu/AGV_ws/build/robot_description': CMAKE_PREFIX_PATH=/opt/ros/humble /usr/bin/cmake --install /home/ubuntu/AGV_ws/build/robot_description
[0.117s] -- Install configuration: ""
[0.117s] -- Up-to-date: /home/ubuntu/AGV_ws/install/robot_description/share/robot_description/config
[0.118s] -- Up-to-date: /home/ubuntu/AGV_ws/install/robot_description/share/robot_description/description
[0.118s] -- Installing: /home/ubuntu/AGV_ws/install/robot_description/share/robot_description/description/building_robot.urdf.xacro
[0.118s] -- Up-to-date: /home/ubuntu/AGV_ws/install/robot_description/share/robot_description/description/meshes
[0.119s] -- Up-to-date: /home/ubuntu/AGV_ws/install/robot_description/share/robot_description/description/meshes/new_car_chassis.stl
[0.119s] -- Installing: /home/ubuntu/AGV_ws/install/robot_description/share/robot_description/description/frames_2024-11-25_14.18.57.pdf
[0.119s] -- Installing: /home/ubuntu/AGV_ws/install/robot_description/share/robot_description/description/frames_2024-11-25_14.18.57.gv
[0.119s] -- Up-to-date: /home/ubuntu/AGV_ws/install/robot_description/share/robot_description/launch
[0.120s] -- Up-to-date: /home/ubuntu/AGV_ws/install/robot_description/share/robot_description/launch/robot_description.launch.py
[0.120s] -- Up-to-date: /home/ubuntu/AGV_ws/install/robot_description/share/robot_description/worlds
[0.120s] -- Up-to-date: /home/ubuntu/AGV_ws/install/robot_description/share/robot_description/worlds/new_car.sdf
[0.120s] -- Up-to-date: /home/ubuntu/AGV_ws/install/robot_description/share/robot_description/urdf
[0.121s] -- Up-to-date: /home/ubuntu/AGV_ws/install/robot_description/share/robot_description/description
[0.121s] -- Up-to-date: /home/ubuntu/AGV_ws/install/robot_description/share/robot_description/description/building_robot.urdf.xacro
[0.121s] -- Up-to-date: /home/ubuntu/AGV_ws/install/robot_description/share/robot_description/description/meshes
[0.121s] -- Up-to-date: /home/ubuntu/AGV_ws/install/robot_description/share/robot_description/description/meshes/new_car_chassis.stl
[0.121s] -- Up-to-date: /home/ubuntu/AGV_ws/install/robot_description/share/robot_description/description/frames_2024-11-25_14.18.57.pdf
[0.121s] -- Up-to-date: /home/ubuntu/AGV_ws/install/robot_description/share/robot_description/description/frames_2024-11-25_14.18.57.gv
[0.121s] -- Up-to-date: /home/ubuntu/AGV_ws/install/robot_description/share/ament_index/resource_index/package_run_dependencies/robot_description
[0.121s] -- Up-to-date: /home/ubuntu/AGV_ws/install/robot_description/share/ament_index/resource_index/parent_prefix_path/robot_description
[0.122s] -- Up-to-date: /home/ubuntu/AGV_ws/install/robot_description/share/robot_description/environment/ament_prefix_path.sh
[0.122s] -- Up-to-date: /home/ubuntu/AGV_ws/install/robot_description/share/robot_description/environment/ament_prefix_path.dsv
[0.122s] -- Up-to-date: /home/ubuntu/AGV_ws/install/robot_description/share/robot_description/environment/path.sh
[0.122s] -- Up-to-date: /home/ubuntu/AGV_ws/install/robot_description/share/robot_description/environment/path.dsv
[0.122s] -- Up-to-date: /home/ubuntu/AGV_ws/install/robot_description/share/robot_description/local_setup.bash
[0.122s] -- Up-to-date: /home/ubuntu/AGV_ws/install/robot_description/share/robot_description/local_setup.sh
[0.122s] -- Up-to-date: /home/ubuntu/AGV_ws/install/robot_description/share/robot_description/local_setup.zsh
[0.122s] -- Up-to-date: /home/ubuntu/AGV_ws/install/robot_description/share/robot_description/local_setup.dsv
[0.122s] -- Installing: /home/ubuntu/AGV_ws/install/robot_description/share/robot_description/package.dsv
[0.123s] -- Up-to-date: /home/ubuntu/AGV_ws/install/robot_description/share/ament_index/resource_index/packages/robot_description
[0.123s] -- Up-to-date: /home/ubuntu/AGV_ws/install/robot_description/share/robot_description/cmake/robot_descriptionConfig.cmake
[0.123s] -- Up-to-date: /home/ubuntu/AGV_ws/install/robot_description/share/robot_description/cmake/robot_descriptionConfig-version.cmake
[0.123s] -- Up-to-date: /home/ubuntu/AGV_ws/install/robot_description/share/robot_description/package.xml
[0.125s] Invoked command in '/home/ubuntu/AGV_ws/build/robot_description' returned '0': CMAKE_PREFIX_PATH=/opt/ros/humble /usr/bin/cmake --install /home/ubuntu/AGV_ws/build/robot_description
