[0.015s] Invoking command in '/home/ubuntu/AGV_ws/build/robot_description': CMAKE_PREFIX_PATH=/opt/ros/humble /usr/bin/cmake --build /home/ubuntu/AGV_ws/build/robot_description -- -j16 -l16
[0.243s] -- Found ament_cmake: 1.3.11 (/opt/ros/humble/share/ament_cmake/cmake)
[0.390s] -- Found ament_lint_auto: 0.12.11 (/opt/ros/humble/share/ament_lint_auto/cmake)
[0.461s] -- Added test 'copyright' to check source files copyright and LICENSE
[0.476s] -- Added test 'flake8' to check Python code syntax and style conventions
[0.477s] -- Added test 'lint_cmake' to check CMake code style
[0.478s] -- Added test 'pep257' to check Python code against some of the docstring style conventions in PEP 257
[0.487s] -- Added test 'xmllint' to check XML markup files
[0.490s] -- Configuring done
[0.508s] -- Generating done
[0.510s] -- Build files have been written to: /home/ubuntu/AGV_ws/build/robot_description
[0.537s] Invoked command in '/home/ubuntu/AGV_ws/build/robot_description' returned '0': CMAKE_PREFIX_PATH=/opt/ros/humble /usr/bin/cmake --build /home/ubuntu/AGV_ws/build/robot_description -- -j16 -l16
[0.569s] Invoking command in '/home/ubuntu/AGV_ws/build/robot_description': CMAKE_PREFIX_PATH=/opt/ros/humble /usr/bin/cmake --install /home/ubuntu/AGV_ws/build/robot_description
[0.576s] -- Install configuration: ""
[0.578s] -- Up-to-date: /home/ubuntu/AGV_ws/install/robot_description/share/robot_description/config
[0.578s] -- Up-to-date: /home/ubuntu/AGV_ws/install/robot_description/share/robot_description/config/bridge.yaml
[0.578s] -- Up-to-date: /home/ubuntu/AGV_ws/install/robot_description/share/robot_description/description
[0.579s] -- Up-to-date: /home/ubuntu/AGV_ws/install/robot_description/share/robot_description/description/building_robot.urdf.xacro
[0.582s] -- Up-to-date: /home/ubuntu/AGV_ws/install/robot_description/share/robot_description/description/meshes
[0.582s] -- Up-to-date: /home/ubuntu/AGV_ws/install/robot_description/share/robot_description/description/meshes/new_car_chassis.stl
[0.583s] -- Up-to-date: /home/ubuntu/AGV_ws/install/robot_description/share/robot_description/description/frames_2024-11-25_14.18.57.pdf
[0.583s] -- Up-to-date: /home/ubuntu/AGV_ws/install/robot_description/share/robot_description/description/frames_2024-11-25_14.18.57.gv
[0.583s] -- Up-to-date: /home/ubuntu/AGV_ws/install/robot_description/share/robot_description/launch
[0.583s] -- Up-to-date: /home/ubuntu/AGV_ws/install/robot_description/share/robot_description/launch/robot_description.launch.py
[0.583s] -- Up-to-date: /home/ubuntu/AGV_ws/install/robot_description/share/robot_description/launch/rviz_display.launch.py
[0.583s] -- Installing: /home/ubuntu/AGV_ws/install/robot_description/share/robot_description/launch/test.launch.py
[0.584s] -- Up-to-date: /home/ubuntu/AGV_ws/install/robot_description/share/robot_description/launch/world.sdf
[0.584s] -- Up-to-date: /home/ubuntu/AGV_ws/install/robot_description/share/robot_description/worlds
[0.584s] -- Up-to-date: /home/ubuntu/AGV_ws/install/robot_description/share/robot_description/worlds/new_car.sdf
[0.584s] -- Up-to-date: /home/ubuntu/AGV_ws/install/robot_description/share/robot_description/worlds/building_robot_debug.sdf
[0.584s] -- Up-to-date: /home/ubuntu/AGV_ws/install/robot_description/share/robot_description/worlds/new_car.config
[0.584s] -- Up-to-date: /home/ubuntu/AGV_ws/install/robot_description/share/robot_description/worlds/world.sdf
[0.585s] -- Up-to-date: /home/ubuntu/AGV_ws/install/robot_description/share/robot_description/description
[0.585s] -- Up-to-date: /home/ubuntu/AGV_ws/install/robot_description/share/robot_description/description/building_robot.urdf.xacro
[0.585s] -- Up-to-date: /home/ubuntu/AGV_ws/install/robot_description/share/robot_description/description/meshes
[0.585s] -- Up-to-date: /home/ubuntu/AGV_ws/install/robot_description/share/robot_description/description/meshes/new_car_chassis.stl
[0.585s] -- Up-to-date: /home/ubuntu/AGV_ws/install/robot_description/share/robot_description/description/frames_2024-11-25_14.18.57.pdf
[0.585s] -- Up-to-date: /home/ubuntu/AGV_ws/install/robot_description/share/robot_description/description/frames_2024-11-25_14.18.57.gv
[0.585s] -- Up-to-date: /home/ubuntu/AGV_ws/install/robot_description/share/ament_index/resource_index/package_run_dependencies/robot_description
[0.586s] -- Up-to-date: /home/ubuntu/AGV_ws/install/robot_description/share/ament_index/resource_index/parent_prefix_path/robot_description
[0.586s] -- Up-to-date: /home/ubuntu/AGV_ws/install/robot_description/share/robot_description/environment/ament_prefix_path.sh
[0.586s] -- Installing: /home/ubuntu/AGV_ws/install/robot_description/share/robot_description/environment/ament_prefix_path.dsv
[0.586s] -- Up-to-date: /home/ubuntu/AGV_ws/install/robot_description/share/robot_description/environment/path.sh
[0.586s] -- Installing: /home/ubuntu/AGV_ws/install/robot_description/share/robot_description/environment/path.dsv
[0.587s] -- Up-to-date: /home/ubuntu/AGV_ws/install/robot_description/share/robot_description/local_setup.bash
[0.587s] -- Up-to-date: /home/ubuntu/AGV_ws/install/robot_description/share/robot_description/local_setup.sh
[0.587s] -- Up-to-date: /home/ubuntu/AGV_ws/install/robot_description/share/robot_description/local_setup.zsh
[0.587s] -- Installing: /home/ubuntu/AGV_ws/install/robot_description/share/robot_description/local_setup.dsv
[0.587s] -- Installing: /home/ubuntu/AGV_ws/install/robot_description/share/robot_description/package.dsv
[0.587s] -- Up-to-date: /home/ubuntu/AGV_ws/install/robot_description/share/ament_index/resource_index/packages/robot_description
[0.588s] -- Up-to-date: /home/ubuntu/AGV_ws/install/robot_description/share/robot_description/cmake/robot_descriptionConfig.cmake
[0.588s] -- Up-to-date: /home/ubuntu/AGV_ws/install/robot_description/share/robot_description/cmake/robot_descriptionConfig-version.cmake
[0.588s] -- Up-to-date: /home/ubuntu/AGV_ws/install/robot_description/share/robot_description/package.xml
[0.590s] Invoked command in '/home/ubuntu/AGV_ws/build/robot_description' returned '0': CMAKE_PREFIX_PATH=/opt/ros/humble /usr/bin/cmake --install /home/ubuntu/AGV_ws/build/robot_description
