-- Install configuration: ""
-- Up-to-date: /home/ubuntu/AGV_ws/install/robot_description/share/robot_description/config
-- Up-to-date: /home/ubuntu/AGV_ws/install/robot_description/share/robot_description/config/bridge.yaml
-- Up-to-date: /home/ubuntu/AGV_ws/install/robot_description/share/robot_description/description
-- Up-to-date: /home/ubuntu/AGV_ws/install/robot_description/share/robot_description/description/building_robot.urdf.xacro
-- Up-to-date: /home/ubuntu/AGV_ws/install/robot_description/share/robot_description/description/meshes
-- Up-to-date: /home/ubuntu/AGV_ws/install/robot_description/share/robot_description/description/meshes/new_car_chassis.stl
-- Up-to-date: /home/ubuntu/AGV_ws/install/robot_description/share/robot_description/description/frames_2024-11-25_14.18.57.pdf
-- Up-to-date: /home/ubuntu/AGV_ws/install/robot_description/share/robot_description/description/frames_2024-11-25_14.18.57.gv
-- Up-to-date: /home/ubuntu/AGV_ws/install/robot_description/share/robot_description/launch
-- Installing: /home/ubuntu/AGV_ws/install/robot_description/share/robot_description/launch/gazebo_display.launch.py
-- Up-to-date: /home/ubuntu/AGV_ws/install/robot_description/share/robot_description/launch/robot_description.launch.py
-- Up-to-date: /home/ubuntu/AGV_ws/install/robot_description/share/robot_description/launch/rviz_display.launch.py
-- Up-to-date: /home/ubuntu/AGV_ws/install/robot_description/share/robot_description/launch/test.launch.py
-- Installing: /home/ubuntu/AGV_ws/install/robot_description/share/robot_description/launch/test2.launch.py
-- Up-to-date: /home/ubuntu/AGV_ws/install/robot_description/share/robot_description/launch/world.sdf
-- Up-to-date: /home/ubuntu/AGV_ws/install/robot_description/share/robot_description/worlds
-- Up-to-date: /home/ubuntu/AGV_ws/install/robot_description/share/robot_description/worlds/new_car.sdf
-- Installing: /home/ubuntu/AGV_ws/install/robot_description/share/robot_description/worlds/building_robot_debug.sdf
-- Up-to-date: /home/ubuntu/AGV_ws/install/robot_description/share/robot_description/worlds/new_car.config
-- Installing: /home/ubuntu/AGV_ws/install/robot_description/share/robot_description/worlds/new_car_chassis.stl
-- Up-to-date: /home/ubuntu/AGV_ws/install/robot_description/share/robot_description/worlds/world.sdf
-- Up-to-date: /home/ubuntu/AGV_ws/install/robot_description/share/robot_description/description
-- Up-to-date: /home/ubuntu/AGV_ws/install/robot_description/share/robot_description/description/building_robot.urdf.xacro
-- Up-to-date: /home/ubuntu/AGV_ws/install/robot_description/share/robot_description/description/meshes
-- Up-to-date: /home/ubuntu/AGV_ws/install/robot_description/share/robot_description/description/meshes/new_car_chassis.stl
-- Up-to-date: /home/ubuntu/AGV_ws/install/robot_description/share/robot_description/description/frames_2024-11-25_14.18.57.pdf
-- Up-to-date: /home/ubuntu/AGV_ws/install/robot_description/share/robot_description/description/frames_2024-11-25_14.18.57.gv
-- Up-to-date: /home/ubuntu/AGV_ws/install/robot_description/share/ament_index/resource_index/package_run_dependencies/robot_description
-- Up-to-date: /home/ubuntu/AGV_ws/install/robot_description/share/ament_index/resource_index/parent_prefix_path/robot_description
-- Up-to-date: /home/ubuntu/AGV_ws/install/robot_description/share/robot_description/environment/ament_prefix_path.sh
-- Up-to-date: /home/ubuntu/AGV_ws/install/robot_description/share/robot_description/environment/ament_prefix_path.dsv
-- Up-to-date: /home/ubuntu/AGV_ws/install/robot_description/share/robot_description/environment/path.sh
-- Up-to-date: /home/ubuntu/AGV_ws/install/robot_description/share/robot_description/environment/path.dsv
-- Up-to-date: /home/ubuntu/AGV_ws/install/robot_description/share/robot_description/local_setup.bash
-- Up-to-date: /home/ubuntu/AGV_ws/install/robot_description/share/robot_description/local_setup.sh
-- Up-to-date: /home/ubuntu/AGV_ws/install/robot_description/share/robot_description/local_setup.zsh
-- Up-to-date: /home/ubuntu/AGV_ws/install/robot_description/share/robot_description/local_setup.dsv
-- Up-to-date: /home/ubuntu/AGV_ws/install/robot_description/share/robot_description/package.dsv
-- Up-to-date: /home/ubuntu/AGV_ws/install/robot_description/share/ament_index/resource_index/packages/robot_description
-- Up-to-date: /home/ubuntu/AGV_ws/install/robot_description/share/robot_description/cmake/robot_descriptionConfig.cmake
-- Up-to-date: /home/ubuntu/AGV_ws/install/robot_description/share/robot_description/cmake/robot_descriptionConfig-version.cmake
-- Up-to-date: /home/ubuntu/AGV_ws/install/robot_description/share/robot_description/package.xml
