[0.011s] Invoking command in '/home/ubuntu/AGV_ws/build/robot_description': CMAKE_PREFIX_PATH=${CMAKE_PREFIX_PATH}:/opt/ros/humble /usr/bin/cmake --build /home/ubuntu/AGV_ws/build/robot_description -- -j8 -l8
[0.035s] -- Found ament_cmake: 1.3.10 (/opt/ros/humble/share/ament_cmake/cmake)
[0.168s] -- Found ament_lint_auto: 0.12.11 (/opt/ros/humble/share/ament_lint_auto/cmake)
[0.246s] -- Added test 'copyright' to check source files copyright and LICENSE
[0.249s] -- Added test 'flake8' to check Python code syntax and style conventions
[0.249s] -- Added test 'lint_cmake' to check CMake code style
[0.250s] -- Added test 'pep257' to check Python code against some of the docstring style conventions in PEP 257
[0.251s] -- Added test 'xmllint' to check XML markup files
[0.252s] -- Configuring done
[0.255s] -- Generating done
[0.255s] -- Build files have been written to: /home/ubuntu/AGV_ws/build/robot_description
[0.276s] Invoked command in '/home/ubuntu/AGV_ws/build/robot_description' returned '0': CMAKE_PREFIX_PATH=${CMAKE_PREFIX_PATH}:/opt/ros/humble /usr/bin/cmake --build /home/ubuntu/AGV_ws/build/robot_description -- -j8 -l8
[0.304s] Invoking command in '/home/ubuntu/AGV_ws/build/robot_description': CMAKE_PREFIX_PATH=${CMAKE_PREFIX_PATH}:/opt/ros/humble /usr/bin/cmake --install /home/ubuntu/AGV_ws/build/robot_description
[0.311s] -- Install configuration: ""
[0.311s] -- Up-to-date: /home/ubuntu/AGV_ws/install/robot_description/share/robot_description/config
[0.311s] -- Up-to-date: /home/ubuntu/AGV_ws/install/robot_description/share/robot_description/description
[0.311s] -- Up-to-date: /home/ubuntu/AGV_ws/install/robot_description/share/robot_description/description/building_robot.urdf.xacro
[0.311s] -- Up-to-date: /home/ubuntu/AGV_ws/install/robot_description/share/robot_description/description/meshes
[0.312s] -- Up-to-date: /home/ubuntu/AGV_ws/install/robot_description/share/robot_description/description/meshes/new_car_chassis.stl
[0.312s] -- Up-to-date: /home/ubuntu/AGV_ws/install/robot_description/share/robot_description/launch
[0.312s] -- Up-to-date: /home/ubuntu/AGV_ws/install/robot_description/share/robot_description/launch/robot_description.launch.py
[0.312s] -- Installing: /home/ubuntu/AGV_ws/install/robot_description/share/robot_description/worlds
[0.312s] [31mCMake Error at cmake_install.cmake:55 (file):
[0.312s]   file INSTALL cannot find "/home/ubuntu/AGV_ws/src/robot_description/urdf":
[0.312s]   No such file or directory.
[0.313s] 
[0.313s] [0m
[0.313s] Invoked command in '/home/ubuntu/AGV_ws/build/robot_description' returned '1': CMAKE_PREFIX_PATH=${CMAKE_PREFIX_PATH}:/opt/ros/humble /usr/bin/cmake --install /home/ubuntu/AGV_ws/build/robot_description
