[0.008s] Invoking command in '/home/ubuntu/AGV_ws/build/robot_description': CMAKE_PREFIX_PATH=/opt/ros/humble /usr/bin/cmake --build /home/ubuntu/AGV_ws/build/robot_description -- -j8 -l8
[0.039s] -- Found ament_cmake: 1.3.11 (/opt/ros/humble/share/ament_cmake/cmake)
[0.153s] -- Found ament_lint_auto: 0.12.11 (/opt/ros/humble/share/ament_lint_auto/cmake)
[0.210s] -- Added test 'copyright' to check source files copyright and LICENSE
[0.214s] -- Added test 'flake8' to check Python code syntax and style conventions
[0.214s] -- Added test 'lint_cmake' to check CMake code style
[0.215s] -- Added test 'pep257' to check Python code against some of the docstring style conventions in PEP 257
[0.216s] -- Added test 'xmllint' to check XML markup files
[0.217s] -- Configuring done
[0.221s] -- Generating done
[0.221s] -- Build files have been written to: /home/ubuntu/AGV_ws/build/robot_description
[0.239s] Invoked command in '/home/ubuntu/AGV_ws/build/robot_description' returned '0': CMAKE_PREFIX_PATH=/opt/ros/humble /usr/bin/cmake --build /home/ubuntu/AGV_ws/build/robot_description -- -j8 -l8
[0.264s] Invoking command in '/home/ubuntu/AGV_ws/build/robot_description': CMAKE_PREFIX_PATH=/opt/ros/humble /usr/bin/cmake --install /home/ubuntu/AGV_ws/build/robot_description
[0.270s] -- Install configuration: ""
[0.270s] -- Up-to-date: /home/ubuntu/AGV_ws/install/robot_description/share/robot_description/config
[0.270s] -- Up-to-date: /home/ubuntu/AGV_ws/install/robot_description/share/robot_description/config/bridge.yaml
[0.271s] -- Up-to-date: /home/ubuntu/AGV_ws/install/robot_description/share/robot_description/description
[0.271s] -- Up-to-date: /home/ubuntu/AGV_ws/install/robot_description/share/robot_description/description/building_robot.urdf.xacro
[0.271s] -- Up-to-date: /home/ubuntu/AGV_ws/install/robot_description/share/robot_description/description/meshes
[0.271s] -- Up-to-date: /home/ubuntu/AGV_ws/install/robot_description/share/robot_description/description/meshes/new_car_chassis.stl
[0.271s] -- Up-to-date: /home/ubuntu/AGV_ws/install/robot_description/share/robot_description/description/frames_2024-11-25_14.18.57.pdf
[0.271s] -- Up-to-date: /home/ubuntu/AGV_ws/install/robot_description/share/robot_description/description/frames_2024-11-25_14.18.57.gv
[0.271s] -- Up-to-date: /home/ubuntu/AGV_ws/install/robot_description/share/robot_description/launch
[0.271s] -- Installing: /home/ubuntu/AGV_ws/install/robot_description/share/robot_description/launch/display.py
[0.271s] -- Installing: /home/ubuntu/AGV_ws/install/robot_description/share/robot_description/launch/robot_description.launch.py
[0.272s] -- Up-to-date: /home/ubuntu/AGV_ws/install/robot_description/share/robot_description/launch/world.sdf
[0.272s] -- Up-to-date: /home/ubuntu/AGV_ws/install/robot_description/share/robot_description/worlds
[0.272s] -- Installing: /home/ubuntu/AGV_ws/install/robot_description/share/robot_description/worlds/new_car.sdf
[0.272s] -- Installing: /home/ubuntu/AGV_ws/install/robot_description/share/robot_description/worlds/new_car.config
[0.272s] -- Installing: /home/ubuntu/AGV_ws/install/robot_description/share/robot_description/worlds/world.sdf
[0.272s] -- Up-to-date: /home/ubuntu/AGV_ws/install/robot_description/share/robot_description/urdf
[0.272s] -- Up-to-date: /home/ubuntu/AGV_ws/install/robot_description/share/robot_description/description
[0.272s] -- Up-to-date: /home/ubuntu/AGV_ws/install/robot_description/share/robot_description/description/building_robot.urdf.xacro
[0.272s] -- Up-to-date: /home/ubuntu/AGV_ws/install/robot_description/share/robot_description/description/meshes
[0.273s] -- Up-to-date: /home/ubuntu/AGV_ws/install/robot_description/share/robot_description/description/meshes/new_car_chassis.stl
[0.273s] -- Up-to-date: /home/ubuntu/AGV_ws/install/robot_description/share/robot_description/description/frames_2024-11-25_14.18.57.pdf
[0.273s] -- Up-to-date: /home/ubuntu/AGV_ws/install/robot_description/share/robot_description/description/frames_2024-11-25_14.18.57.gv
[0.273s] -- Up-to-date: /home/ubuntu/AGV_ws/install/robot_description/share/ament_index/resource_index/package_run_dependencies/robot_description
[0.273s] -- Installing: /home/ubuntu/AGV_ws/install/robot_description/share/ament_index/resource_index/parent_prefix_path/robot_description
[0.273s] -- Installing: /home/ubuntu/AGV_ws/install/robot_description/share/robot_description/environment/ament_prefix_path.sh
[0.274s] -- Installing: /home/ubuntu/AGV_ws/install/robot_description/share/robot_description/environment/ament_prefix_path.dsv
[0.274s] -- Installing: /home/ubuntu/AGV_ws/install/robot_description/share/robot_description/environment/path.sh
[0.274s] -- Installing: /home/ubuntu/AGV_ws/install/robot_description/share/robot_description/environment/path.dsv
[0.274s] -- Up-to-date: /home/ubuntu/AGV_ws/install/robot_description/share/robot_description/local_setup.bash
[0.274s] -- Up-to-date: /home/ubuntu/AGV_ws/install/robot_description/share/robot_description/local_setup.sh
[0.274s] -- Up-to-date: /home/ubuntu/AGV_ws/install/robot_description/share/robot_description/local_setup.zsh
[0.274s] -- Installing: /home/ubuntu/AGV_ws/install/robot_description/share/robot_description/local_setup.dsv
[0.274s] -- Installing: /home/ubuntu/AGV_ws/install/robot_description/share/robot_description/package.dsv
[0.275s] -- Up-to-date: /home/ubuntu/AGV_ws/install/robot_description/share/ament_index/resource_index/packages/robot_description
[0.275s] -- Up-to-date: /home/ubuntu/AGV_ws/install/robot_description/share/robot_description/cmake/robot_descriptionConfig.cmake
[0.275s] -- Up-to-date: /home/ubuntu/AGV_ws/install/robot_description/share/robot_description/cmake/robot_descriptionConfig-version.cmake
[0.275s] -- Up-to-date: /home/ubuntu/AGV_ws/install/robot_description/share/robot_description/package.xml
[0.276s] Invoked command in '/home/ubuntu/AGV_ws/build/robot_description' returned '0': CMAKE_PREFIX_PATH=/opt/ros/humble /usr/bin/cmake --install /home/ubuntu/AGV_ws/build/robot_description
