[0.009s] Invoking command in '/home/ubuntu/AGV_ws/build/robot_description': CMAKE_PREFIX_PATH=/opt/ros/humble /usr/bin/cmake /home/ubuntu/AGV_ws/src/robot_description -DCMAKE_INSTALL_PREFIX=/home/ubuntu/AGV_ws/install/robot_description
[0.172s] -- The C compiler identification is GNU 11.4.0
[0.264s] -- The CXX compiler identification is GNU 11.4.0
[0.274s] -- Detecting C compiler ABI info
[0.340s] -- Detecting C compiler ABI info - done
[0.347s] -- Check for working C compiler: /usr/bin/cc - skipped
[0.348s] -- Detecting C compile features
[0.348s] -- Detecting C compile features - done
[0.352s] -- Detecting CXX compiler ABI info
[0.421s] -- Detecting CXX compiler ABI info - done
[0.430s] -- Check for working CXX compiler: /usr/bin/c++ - skipped
[0.430s] -- Detecting CXX compile features
[0.431s] -- Detecting CXX compile features - done
[0.436s] -- Found ament_cmake: 1.3.10 (/opt/ros/humble/share/ament_cmake/cmake)
[0.568s] -- Found Python3: /usr/bin/python3 (found version "3.10.12") found components: Interpreter 
[0.651s] -- Found ament_lint_auto: 0.12.11 (/opt/ros/humble/share/ament_lint_auto/cmake)
[0.717s] -- Added test 'lint_cmake' to check CMake code style
[0.718s] -- Added test 'xmllint' to check XML markup files
[0.720s] -- Configuring done
[0.722s] -- Generating done
[0.723s] -- Build files have been written to: /home/ubuntu/AGV_ws/build/robot_description
[0.726s] Invoked command in '/home/ubuntu/AGV_ws/build/robot_description' returned '0': CMAKE_PREFIX_PATH=/opt/ros/humble /usr/bin/cmake /home/ubuntu/AGV_ws/src/robot_description -DCMAKE_INSTALL_PREFIX=/home/ubuntu/AGV_ws/install/robot_description
[0.728s] Invoking command in '/home/ubuntu/AGV_ws/build/robot_description': CMAKE_PREFIX_PATH=/opt/ros/humble /usr/bin/cmake --build /home/ubuntu/AGV_ws/build/robot_description -- -j8 -l8
[0.761s] Invoked command in '/home/ubuntu/AGV_ws/build/robot_description' returned '0': CMAKE_PREFIX_PATH=/opt/ros/humble /usr/bin/cmake --build /home/ubuntu/AGV_ws/build/robot_description -- -j8 -l8
[0.786s] Invoking command in '/home/ubuntu/AGV_ws/build/robot_description': CMAKE_PREFIX_PATH=/opt/ros/humble /usr/bin/cmake --install /home/ubuntu/AGV_ws/build/robot_description
[0.792s] -- Install configuration: ""
[0.792s] -- Installing: /home/ubuntu/AGV_ws/install/robot_description/share/ament_index/resource_index/package_run_dependencies/robot_description
[0.793s] -- Installing: /home/ubuntu/AGV_ws/install/robot_description/share/ament_index/resource_index/parent_prefix_path/robot_description
[0.793s] -- Installing: /home/ubuntu/AGV_ws/install/robot_description/share/robot_description/environment/ament_prefix_path.sh
[0.793s] -- Installing: /home/ubuntu/AGV_ws/install/robot_description/share/robot_description/environment/ament_prefix_path.dsv
[0.793s] -- Installing: /home/ubuntu/AGV_ws/install/robot_description/share/robot_description/environment/path.sh
[0.793s] -- Installing: /home/ubuntu/AGV_ws/install/robot_description/share/robot_description/environment/path.dsv
[0.793s] -- Installing: /home/ubuntu/AGV_ws/install/robot_description/share/robot_description/local_setup.bash
[0.793s] -- Installing: /home/ubuntu/AGV_ws/install/robot_description/share/robot_description/local_setup.sh
[0.794s] -- Installing: /home/ubuntu/AGV_ws/install/robot_description/share/robot_description/local_setup.zsh
[0.794s] -- Installing: /home/ubuntu/AGV_ws/install/robot_description/share/robot_description/local_setup.dsv
[0.794s] -- Installing: /home/ubuntu/AGV_ws/install/robot_description/share/robot_description/package.dsv
[0.794s] -- Installing: /home/ubuntu/AGV_ws/install/robot_description/share/ament_index/resource_index/packages/robot_description
[0.794s] -- Installing: /home/ubuntu/AGV_ws/install/robot_description/share/robot_description/cmake/robot_descriptionConfig.cmake
[0.794s] -- Installing: /home/ubuntu/AGV_ws/install/robot_description/share/robot_description/cmake/robot_descriptionConfig-version.cmake
[0.794s] -- Installing: /home/ubuntu/AGV_ws/install/robot_description/share/robot_description/package.xml
[0.796s] Invoked command in '/home/ubuntu/AGV_ws/build/robot_description' returned '0': CMAKE_PREFIX_PATH=/opt/ros/humble /usr/bin/cmake --install /home/ubuntu/AGV_ws/build/robot_description
