[0.011s] Invoking command in '/home/ubuntu/AGV_ws/build/robot_description': CMAKE_PREFIX_PATH=/opt/ros/humble /usr/bin/cmake --build /home/ubuntu/AGV_ws/build/robot_description -- -j8 -l8
[0.054s] Invoked command in '/home/ubuntu/AGV_ws/build/robot_description' returned '0': CMAKE_PREFIX_PATH=/opt/ros/humble /usr/bin/cmake --build /home/ubuntu/AGV_ws/build/robot_description -- -j8 -l8
[0.079s] Invoking command in '/home/ubuntu/AGV_ws/build/robot_description': CMAKE_PREFIX_PATH=/opt/ros/humble /usr/bin/cmake --install /home/ubuntu/AGV_ws/build/robot_description
[0.085s] -- Install configuration: ""
[0.086s] -- Up-to-date: /home/ubuntu/AGV_ws/install/robot_description/share/robot_description/config
[0.086s] -- Up-to-date: /home/ubuntu/AGV_ws/install/robot_description/share/robot_description/config/bridge.yaml
[0.086s] -- Up-to-date: /home/ubuntu/AGV_ws/install/robot_description/share/robot_description/description
[0.086s] -- Up-to-date: /home/ubuntu/AGV_ws/install/robot_description/share/robot_description/description/building_robot.urdf.xacro
[0.086s] -- Up-to-date: /home/ubuntu/AGV_ws/install/robot_description/share/robot_description/description/meshes
[0.086s] -- Up-to-date: /home/ubuntu/AGV_ws/install/robot_description/share/robot_description/description/meshes/new_car_chassis.stl
[0.086s] -- Up-to-date: /home/ubuntu/AGV_ws/install/robot_description/share/robot_description/description/frames_2024-11-25_14.18.57.pdf
[0.086s] -- Up-to-date: /home/ubuntu/AGV_ws/install/robot_description/share/robot_description/description/frames_2024-11-25_14.18.57.gv
[0.086s] -- Up-to-date: /home/ubuntu/AGV_ws/install/robot_description/share/robot_description/launch
[0.087s] -- Installing: /home/ubuntu/AGV_ws/install/robot_description/share/robot_description/launch/robot_description.launch.py
[0.087s] -- Up-to-date: /home/ubuntu/AGV_ws/install/robot_description/share/robot_description/launch/rviz_display.launch.py
[0.087s] -- Installing: /home/ubuntu/AGV_ws/install/robot_description/share/robot_description/launch/test.launch.py
[0.087s] -- Up-to-date: /home/ubuntu/AGV_ws/install/robot_description/share/robot_description/launch/world.sdf
[0.087s] -- Up-to-date: /home/ubuntu/AGV_ws/install/robot_description/share/robot_description/worlds
[0.087s] -- Up-to-date: /home/ubuntu/AGV_ws/install/robot_description/share/robot_description/worlds/new_car.sdf
[0.087s] -- Installing: /home/ubuntu/AGV_ws/install/robot_description/share/robot_description/worlds/building_robot_debug.sdf
[0.088s] -- Up-to-date: /home/ubuntu/AGV_ws/install/robot_description/share/robot_description/worlds/new_car.config
[0.088s] -- Up-to-date: /home/ubuntu/AGV_ws/install/robot_description/share/robot_description/worlds/world.sdf
[0.088s] -- Up-to-date: /home/ubuntu/AGV_ws/install/robot_description/share/robot_description/urdf
[0.088s] -- Up-to-date: /home/ubuntu/AGV_ws/install/robot_description/share/robot_description/description
[0.088s] -- Up-to-date: /home/ubuntu/AGV_ws/install/robot_description/share/robot_description/description/building_robot.urdf.xacro
[0.088s] -- Up-to-date: /home/ubuntu/AGV_ws/install/robot_description/share/robot_description/description/meshes
[0.088s] -- Up-to-date: /home/ubuntu/AGV_ws/install/robot_description/share/robot_description/description/meshes/new_car_chassis.stl
[0.088s] -- Up-to-date: /home/ubuntu/AGV_ws/install/robot_description/share/robot_description/description/frames_2024-11-25_14.18.57.pdf
[0.088s] -- Up-to-date: /home/ubuntu/AGV_ws/install/robot_description/share/robot_description/description/frames_2024-11-25_14.18.57.gv
[0.088s] -- Up-to-date: /home/ubuntu/AGV_ws/install/robot_description/share/ament_index/resource_index/package_run_dependencies/robot_description
[0.088s] -- Up-to-date: /home/ubuntu/AGV_ws/install/robot_description/share/ament_index/resource_index/parent_prefix_path/robot_description
[0.089s] -- Up-to-date: /home/ubuntu/AGV_ws/install/robot_description/share/robot_description/environment/ament_prefix_path.sh
[0.089s] -- Up-to-date: /home/ubuntu/AGV_ws/install/robot_description/share/robot_description/environment/ament_prefix_path.dsv
[0.089s] -- Up-to-date: /home/ubuntu/AGV_ws/install/robot_description/share/robot_description/environment/path.sh
[0.089s] -- Up-to-date: /home/ubuntu/AGV_ws/install/robot_description/share/robot_description/environment/path.dsv
[0.089s] -- Up-to-date: /home/ubuntu/AGV_ws/install/robot_description/share/robot_description/local_setup.bash
[0.089s] -- Up-to-date: /home/ubuntu/AGV_ws/install/robot_description/share/robot_description/local_setup.sh
[0.089s] -- Up-to-date: /home/ubuntu/AGV_ws/install/robot_description/share/robot_description/local_setup.zsh
[0.089s] -- Up-to-date: /home/ubuntu/AGV_ws/install/robot_description/share/robot_description/local_setup.dsv
[0.089s] -- Installing: /home/ubuntu/AGV_ws/install/robot_description/share/robot_description/package.dsv
[0.090s] -- Up-to-date: /home/ubuntu/AGV_ws/install/robot_description/share/ament_index/resource_index/packages/robot_description
[0.090s] -- Up-to-date: /home/ubuntu/AGV_ws/install/robot_description/share/robot_description/cmake/robot_descriptionConfig.cmake
[0.090s] -- Up-to-date: /home/ubuntu/AGV_ws/install/robot_description/share/robot_description/cmake/robot_descriptionConfig-version.cmake
[0.090s] -- Up-to-date: /home/ubuntu/AGV_ws/install/robot_description/share/robot_description/package.xml
[0.091s] Invoked command in '/home/ubuntu/AGV_ws/build/robot_description' returned '0': CMAKE_PREFIX_PATH=/opt/ros/humble /usr/bin/cmake --install /home/ubuntu/AGV_ws/build/robot_description
