-- Found ament_cmake: 1.3.10 (/opt/ros/humble/share/ament_cmake/cmake)
-- Found ament_lint_auto: 0.12.11 (/opt/ros/humble/share/ament_lint_auto/cmake)
-- Added test 'copyright' to check source files copyright and LICENSE
-- Added test 'flake8' to check Python code syntax and style conventions
-- Added test 'lint_cmake' to check CMake code style
-- Added test 'pep257' to check Python code against some of the docstring style conventions in PEP 257
-- Added test 'xmllint' to check XML markup files
-- Configuring done
-- Generating done
-- Build files have been written to: /home/ubuntu/AGV_ws/build/robot_description
-- Install configuration: ""
-- Installing: /home/ubuntu/AGV_ws/install/robot_description/share/robot_description/config
-- Installing: /home/ubuntu/AGV_ws/install/robot_description/share/robot_description/description
-- Installing: /home/ubuntu/AGV_ws/install/robot_description/share/robot_description/description/building_robot.urdf.xacro
-- Installing: /home/ubuntu/AGV_ws/install/robot_description/share/robot_description/description/meshes
-- Installing: /home/ubuntu/AGV_ws/install/robot_description/share/robot_description/description/meshes/new_car_chassis.stl
-- Installing: /home/ubuntu/AGV_ws/install/robot_description/share/robot_description/launch
-- Installing: /home/ubuntu/AGV_ws/install/robot_description/share/robot_description/launch/robot_description.launch.py
[31mCMake Error at cmake_install.cmake:46 (file):
  file INSTALL cannot find
  "/home/ubuntu/AGV_ws/src/robot_description/worlds": No such file or
  directory.

[0m
