[0.009s] Invoking command in '/home/ubuntu/AGV_ws/build/robot_description': CMAKE_PREFIX_PATH=${CMAKE_PREFIX_PATH}:/opt/ros/humble /usr/bin/cmake --build /home/ubuntu/AGV_ws/build/robot_description -- -j8 -l8
[0.031s] -- Found ament_cmake: 1.3.10 (/opt/ros/humble/share/ament_cmake/cmake)
[0.157s] -- Found ament_lint_auto: 0.12.11 (/opt/ros/humble/share/ament_lint_auto/cmake)
[0.238s] -- Added test 'copyright' to check source files copyright and LICENSE
[0.241s] -- Added test 'flake8' to check Python code syntax and style conventions
[0.242s] -- Added test 'lint_cmake' to check CMake code style
[0.242s] -- Added test 'pep257' to check Python code against some of the docstring style conventions in PEP 257
[0.244s] -- Added test 'xmllint' to check XML markup files
[0.244s] -- Configuring done
[0.247s] -- Generating done
[0.248s] -- Build files have been written to: /home/ubuntu/AGV_ws/build/robot_description
[0.267s] Invoked command in '/home/ubuntu/AGV_ws/build/robot_description' returned '0': CMAKE_PREFIX_PATH=${CMAKE_PREFIX_PATH}:/opt/ros/humble /usr/bin/cmake --build /home/ubuntu/AGV_ws/build/robot_description -- -j8 -l8
[0.293s] Invoking command in '/home/ubuntu/AGV_ws/build/robot_description': CMAKE_PREFIX_PATH=${CMAKE_PREFIX_PATH}:/opt/ros/humble /usr/bin/cmake --install /home/ubuntu/AGV_ws/build/robot_description
[0.300s] -- Install configuration: ""
[0.300s] -- Installing: /home/ubuntu/AGV_ws/install/robot_description/share/robot_description/config
[0.300s] -- Installing: /home/ubuntu/AGV_ws/install/robot_description/share/robot_description/description
[0.301s] -- Installing: /home/ubuntu/AGV_ws/install/robot_description/share/robot_description/description/building_robot.urdf.xacro
[0.301s] -- Installing: /home/ubuntu/AGV_ws/install/robot_description/share/robot_description/description/meshes
[0.301s] -- Installing: /home/ubuntu/AGV_ws/install/robot_description/share/robot_description/description/meshes/new_car_chassis.stl
[0.303s] -- Installing: /home/ubuntu/AGV_ws/install/robot_description/share/robot_description/launch
[0.303s] -- Installing: /home/ubuntu/AGV_ws/install/robot_description/share/robot_description/launch/robot_description.launch.py
[0.303s] [31mCMake Error at cmake_install.cmake:46 (file):
[0.303s]   file INSTALL cannot find
[0.303s]   "/home/ubuntu/AGV_ws/src/robot_description/worlds": No such file or
[0.304s]   directory.
[0.304s] 
[0.304s] [0m
[0.306s] Invoked command in '/home/ubuntu/AGV_ws/build/robot_description' returned '1': CMAKE_PREFIX_PATH=${CMAKE_PREFIX_PATH}:/opt/ros/humble /usr/bin/cmake --install /home/ubuntu/AGV_ws/build/robot_description
